<?xml version="1.0" encoding="UTF-8"?>
<!-- Generated by org.testng.reporters.JUnitXMLReporter -->
<testsuite ignored="1" hostname="DESKTOP-GDICSB8" failures="0" tests="6" name="Default test" time="10.491" errors="0" timestamp="2024-09-27T00:47:21 EET">
  <testcase classname="ClassThree" name="checkLanguageandcurrency" time="0.186"/>
  <testcase classname="ClassThree" name="checkPhonenumber" time="0.068"/>
  <testcase classname="ClassThree" name="checkhoteltab" time="0.083"/>
  <testcase classname="ClassThree" name="checkthelogo" time="0.063"/>
  <testcase classname="ClassThree" name="date" time="3.002"/>
  <testcase classname="ClassThree" name="welcomeText" time="0.06"/>
  <testcase classname="ClassThree" name="LanguageRandomly" time="0.0">
    <ignored/>
  </testcase> <!-- LanguageRandomly -->
</testsuite> <!-- Default test -->
